<?xml version="1.0" encoding="UTF-8"?>
<!-- Generated by org.testng.reporters.JUnitReportReporter -->
<testsuite skipped="0" hostname="SSAYEED-WINDOWS" name="com.usa.ttjob.TestPriority" tests="3" failures="0" timestamp="19 Jun 2018 19:28:12 GMT" time="0.012" errors="0">
  <testcase name="Secondtest" time="0.008" classname="com.usa.ttjob.TestPriority"/>
  <testcase name="Thirdtest" time="0.002" classname="com.usa.ttjob.TestPriority"/>
  <testcase name="Fristtest" time="0.002" classname="com.usa.ttjob.TestPriority"/>
</testsuite> <!-- com.usa.ttjob.TestPriority -->
